Case #1: 15 25
Case #2: 0 0
Case #3: 81 567
Case #4: 181 244
Case #5: 0 0
Case #6: 5000000 5000000
Case #7: 10000 9990000
Case #8: 7854 20710
Case #9: 9775 21408
Case #10: 10987 16732
Case #11: 8093 30076
Case #12: 17787 35942
Case #13: 21658 30365
Case #14: 17923 57948
Case #15: 31053 52342
Case #16: 23471 46328
Case #17: 21015 52224
Case #18: 31756 73628
Case #19: 26701 51215
Case #20: 23764 87620
Case #21: 12069 57666
Case #22: 19555 68287
Case #23: 32202 118112
Case #24: 32240 82371
Case #25: 36445 98263
Case #26: 48245 104783
Case #27: 37752 97507
Case #28: 36102 101547
Case #29: 39584 108756
Case #30: 36510 122954
Case #31: 56387 121519
Case #32: 36405 100986
Case #33: 55884 155932
Case #34: 45403 143124
Case #35: 47560 123908
Case #36: 40707 158705
Case #37: 61805 144477
Case #38: 57216 171963
Case #39: 58944 184723
Case #40: 78585 184111
Case #41: 70230 172521
Case #42: 70713 209363
Case #43: 54230 183902
Case #44: 62366 180116
Case #45: 63045 178880
Case #46: 76220 203618
Case #47: 61680 186431
Case #48: 91714 214364
Case #49: 76414 215860
Case #50: 74066 226204
Case #51: 79478 225013
Case #52: 70896 255646
Case #53: 77683 241250
Case #54: 1647723 4877657
Case #55: 1659962 5053321
Case #56: 1718880 4972900
Case #57: 1659498 4974523
Case #58: 1629013 5017053
Case #59: 1635966 4955647
Case #60: 1656479 5224492
Case #61: 1643413 5049357
Case #62: 1633608 5014391
Case #63: 1631899 4979775
Case #64: 1726281 5049964
Case #65: 1715553 4943682
Case #66: 1669957 5173112
Case #67: 1622201 4940352
Case #68: 1685355 4958442
Case #69: 1649897 4985229
Case #70: 1658571 4960372
Case #71: 1656676 5106036
Case #72: 1696384 5027988
Case #73: 1712738 4993208
Case #74: 1644692 5092326
Case #75: 1688386 4923808
Case #76: 1672010 4970667
Case #77: 1687086 5038066
Case #78: 1704297 5000018
Case #79: 1656601 4929996
Case #80: 1721761 5071405
Case #81: 1658219 5067887
Case #82: 1758734 5046514
Case #83: 1710062 4975924
Case #84: 1663552 4943389
Case #85: 1597913 5052359
Case #86: 1711289 5087622
Case #87: 1679480 4979801
Case #88: 1726063 4980710
Case #89: 1660676 5216517
Case #90: 1680035 5088026
Case #91: 1603773 5196596
Case #92: 1667784 5051859
Case #93: 1585993 5085612
Case #94: 1681872 5094811
Case #95: 1593731 4823325
Case #96: 1699729 4823928
Case #97: 1652953 4940226
Case #98: 1762172 4937221
Case #99: 1696002 5054455
Case #100: 1722397 4939961
